# JRE version: OpenJDK Runtime Environment (11.0.11+9) (build 11.0.11+9-b60-7590822)
# Java VM: OpenJDK 64-Bit Server VM (11.0.11+9-b60-7590822, mixed mode, tiered, compressed oops, g1 gc, windows-amd64)
Heap:
 garbage-first heap   total 706560K, used 143648K [0x0000000080000000, 0x0000000100000000)
  region size 1024K, 12 young (12288K), 12 survivors (12288K)
 Metaspace       used 98863K, capacity 101984K, committed 102476K, reserved 1136640K
  class space    used 13002K, capacity 14205K, committed 14412K, reserved 1048576K
GC Heap History (20 events):
Event: 16.062 GC heap after
{Heap after GC invocations=45 (full 0):
 garbage-first heap   total 143360K, used 72790K [0x0000000080000000, 0x0000000100000000)
  region size 1024K, 3 young (3072K), 3 survivors (3072K)
 Metaspace       used 83330K, capacity 85567K, committed 85708K, reserved 1124352K
  class space    used 10812K, capacity 11619K, committed 11724K, reserved 1048576K
}
Event: 16.778 GC heap before
{Heap before GC invocations=45 (full 0):
 garbage-first heap   total 143360K, used 111702K [0x0000000080000000, 0x0000000100000000)
  region size 1024K, 42 young (43008K), 3 survivors (3072K)
 Metaspace       used 84360K, capacity 86636K, committed 86860K, reserved 1124352K
  class space    used 10948K, capacity 11781K, committed 11852K, reserved 1048576K
}
Event: 16.812 GC heap after
{Heap after GC invocations=46 (full 0):
 garbage-first heap   total 143360K, used 75271K [0x0000000080000000, 0x0000000100000000)
  region size 1024K, 6 young (6144K), 6 survivors (6144K)
 Metaspace       used 84360K, capacity 86636K, committed 86860K, reserved 1124352K
  class space    used 10948K, capacity 11781K, committed 11852K, reserved 1048576K
}
Event: 17.735 GC heap before
{Heap before GC invocations=47 (full 0):
 garbage-first heap   total 143360K, used 113159K [0x0000000080000000, 0x0000000100000000)
  region size 1024K, 44 young (45056K), 6 survivors (6144K)
 Metaspace       used 85493K, capacity 87860K, committed 88012K, reserved 1126400K
  class space    used 11099K, capacity 11945K, committed 11980K, reserved 1048576K
}
Event: 17.766 GC heap after
{Heap after GC invocations=48 (full 0):
 garbage-first heap   total 242688K, used 78625K [0x0000000080000000, 0x0000000100000000)
  region size 1024K, 6 young (6144K), 6 survivors (6144K)
 Metaspace       used 85493K, capacity 87860K, committed 88012K, reserved 1126400K
  class space    used 11099K, capacity 11945K, committed 11980K, reserved 1048576K
}
Event: 18.203 GC heap before
{Heap before GC invocations=48 (full 0):
 garbage-first heap   total 242688K, used 144161K [0x0000000080000000, 0x0000000100000000)
  region size 1024K, 71 young (72704K), 6 survivors (6144K)
 Metaspace       used 88587K, capacity 91173K, committed 91468K, reserved 1128448K
  class space    used 11569K, capacity 12519K, committed 12620K, reserved 1048576K
}
Event: 18.272 GC heap after
{Heap after GC invocations=49 (full 0):
 garbage-first heap   total 242688K, used 93575K [0x0000000080000000, 0x0000000100000000)
  region size 1024K, 9 young (9216K), 9 survivors (9216K)
 Metaspace       used 88587K, capacity 91173K, committed 91468K, reserved 1128448K
  class space    used 11569K, capacity 12519K, committed 12620K, reserved 1048576K
}
Event: 18.633 GC heap before
{Heap before GC invocations=49 (full 0):
 garbage-first heap   total 242688K, used 161159K [0x0000000080000000, 0x0000000100000000)
  region size 1024K, 76 young (77824K), 9 survivors (9216K)
 Metaspace       used 90380K, capacity 93066K, committed 93260K, reserved 1130496K
  class space    used 11832K, capacity 12827K, committed 12876K, reserved 1048576K
}
Event: 18.707 GC heap after
{Heap after GC invocations=50 (full 0):
 garbage-first heap   total 242688K, used 107280K [0x0000000080000000, 0x0000000100000000)
  region size 1024K, 10 young (10240K), 10 survivors (10240K)
 Metaspace       used 90380K, capacity 93066K, committed 93260K, reserved 1130496K
  class space    used 11832K, capacity 12827K, committed 12876K, reserved 1048576K
}
Event: 18.881 GC heap before
{Heap before GC invocations=50 (full 0):
 garbage-first heap   total 242688K, used 172816K [0x0000000080000000, 0x0000000100000000)
  region size 1024K, 74 young (75776K), 10 survivors (10240K)
 Metaspace       used 92019K, capacity 94951K, committed 95052K, reserved 1130496K
  class space    used 12136K, capacity 13304K, committed 13388K, reserved 1048576K
}
Event: 18.919 GC heap after
{Heap after GC invocations=51 (full 0):
 garbage-first heap   total 242688K, used 119047K [0x0000000080000000, 0x0000000100000000)
  region size 1024K, 10 young (10240K), 10 survivors (10240K)
 Metaspace       used 92019K, capacity 94951K, committed 95052K, reserved 1130496K
  class space    used 12136K, capacity 13304K, committed 13388K, reserved 1048576K
}
Event: 19.075 GC heap before
{Heap before GC invocations=51 (full 0):
 garbage-first heap   total 242688K, used 181511K [0x0000000080000000, 0x0000000100000000)
  region size 1024K, 71 young (72704K), 10 survivors (10240K)
 Metaspace       used 92452K, capacity 95518K, committed 95692K, reserved 1132544K
  class space    used 12223K, capacity 13403K, committed 13516K, reserved 1048576K
}
Event: 19.134 GC heap after
{Heap after GC invocations=52 (full 0):
 garbage-first heap   total 468992K, used 130853K [0x0000000080000000, 0x0000000100000000)
  region size 1024K, 9 young (9216K), 9 survivors (9216K)
 Metaspace       used 92452K, capacity 95518K, committed 95692K, reserved 1132544K
  class space    used 12223K, capacity 13403K, committed 13516K, reserved 1048576K
}
Event: 20.194 GC heap before
{Heap before GC invocations=52 (full 0):
 garbage-first heap   total 468992K, used 253733K [0x0000000080000000, 0x0000000100000000)
  region size 1024K, 130 young (133120K), 9 survivors (9216K)
 Metaspace       used 95944K, capacity 98797K, committed 100044K, reserved 1134592K
  class space    used 12701K, capacity 13820K, committed 14284K, reserved 1048576K
}
Event: 20.278 GC heap after
{Heap after GC invocations=53 (full 0):
 garbage-first heap   total 468992K, used 140527K [0x0000000080000000, 0x0000000100000000)
  region size 1024K, 9 young (9216K), 9 survivors (9216K)
 Metaspace       used 95944K, capacity 98797K, committed 100044K, reserved 1134592K
  class space    used 12701K, capacity 13820K, committed 14284K, reserved 1048576K
}
Event: 20.991 GC heap before
{Heap before GC invocations=54 (full 0):
 garbage-first heap   total 468992K, used 291055K [0x0000000080000000, 0x0000000100000000)
  region size 1024K, 157 young (160768K), 9 survivors (9216K)
 Metaspace       used 96577K, capacity 99477K, committed 100684K, reserved 1136640K
  class space    used 12793K, capacity 13941K, committed 14412K, reserved 1048576K
}
Event: 21.037 GC heap after
{Heap after GC invocations=55 (full 0):
 garbage-first heap   total 468992K, used 141064K [0x0000000080000000, 0x0000000100000000)
  region size 1024K, 10 young (10240K), 10 survivors (10240K)
 Metaspace       used 96577K, capacity 99477K, committed 100684K, reserved 1136640K
  class space    used 12793K, capacity 13941K, committed 14412K, reserved 1048576K
}
Event: 21.945 GC heap before
{Heap before GC invocations=55 (full 0):
 garbage-first heap   total 468992K, used 350984K [0x0000000080000000, 0x0000000100000000)
  region size 1024K, 216 young (221184K), 10 survivors (10240K)
 Metaspace       used 98234K, capacity 101277K, committed 101964K, reserved 1136640K
  class space    used 12963K, capacity 14173K, committed 14412K, reserved 1048576K
}
Event: 21.987 GC heap after
{Heap after GC invocations=56 (full 0):
 garbage-first heap   total 468992K, used 143591K [0x0000000080000000, 0x0000000100000000)
  region size 1024K, 12 young (12288K), 12 survivors (12288K)
 Metaspace       used 98234K, capacity 101277K, committed 101964K, reserved 1136640K
  class space    used 12963K, capacity 14173K, committed 14412K, reserved 1048576K
}
Event: 22.738 GC heap before
{Heap before GC invocations=56 (full 0):
 garbage-first heap   total 468992K, used 378087K [0x0000000080000000, 0x0000000100000000)
  region size 1024K, 241 young (246784K), 12 survivors (12288K)
 Metaspace       used 98863K, capacity 101984K, committed 102476K, reserved 1136640K
  class space    used 13002K, capacity 14205K, committed 14412K, reserved 1048576K
}

