# JRE version: OpenJDK Runtime Environment (11.0.11+9) (build 11.0.11+9-b60-7590822)
# Java VM: OpenJDK 64-Bit Server VM (11.0.11+9-b60-7590822, mixed mode, tiered, compressed oops, g1 gc, windows-amd64)
Heap:
 garbage-first heap   total 92160K, used 58874K [0x0000000080000000, 0x0000000100000000)
  region size 1024K, 6 young (6144K), 3 survivors (3072K)
 Metaspace       used 50180K, capacity 51735K, committed 52016K, reserved 1093632K
  class space    used 6425K, capacity 6923K, committed 7040K, reserved 1048576K
GC Heap History (20 events):
Event: 9.861 GC heap before
{Heap before GC invocations=23 (full 0):
 garbage-first heap   total 63488K, used 46352K [0x0000000080000000, 0x0000000100000000)
  region size 1024K, 8 young (8192K), 1 survivors (1024K)
 Metaspace       used 42970K, capacity 44091K, committed 44336K, reserved 1087488K
  class space    used 5510K, capacity 5916K, committed 6016K, reserved 1048576K
}
Event: 9.864 GC heap after
{Heap after GC invocations=24 (full 0):
 garbage-first heap   total 63488K, used 40774K [0x0000000080000000, 0x0000000100000000)
  region size 1024K, 2 young (2048K), 2 survivors (2048K)
 Metaspace       used 42970K, capacity 44091K, committed 44336K, reserved 1087488K
  class space    used 5510K, capacity 5916K, committed 6016K, reserved 1048576K
}
Event: 10.099 GC heap before
{Heap before GC invocations=25 (full 0):
 garbage-first heap   total 63488K, used 53062K [0x0000000080000000, 0x0000000100000000)
  region size 1024K, 12 young (12288K), 2 survivors (2048K)
 Metaspace       used 43464K, capacity 44715K, committed 44976K, reserved 1087488K
  class space    used 5574K, capacity 6036K, committed 6144K, reserved 1048576K
}
Event: 10.105 GC heap after
{Heap after GC invocations=26 (full 0):
 garbage-first heap   total 63488K, used 45970K [0x0000000080000000, 0x0000000100000000)
  region size 1024K, 2 young (2048K), 2 survivors (2048K)
 Metaspace       used 43464K, capacity 44715K, committed 44976K, reserved 1087488K
  class space    used 5574K, capacity 6036K, committed 6144K, reserved 1048576K
}
Event: 10.192 GC heap before
{Heap before GC invocations=26 (full 0):
 garbage-first heap   total 63488K, used 53138K [0x0000000080000000, 0x0000000100000000)
  region size 1024K, 9 young (9216K), 2 survivors (2048K)
 Metaspace       used 43877K, capacity 45228K, committed 45488K, reserved 1089536K
  class space    used 5631K, capacity 6100K, committed 6144K, reserved 1048576K
}
Event: 10.196 GC heap after
{Heap after GC invocations=27 (full 0):
 garbage-first heap   total 63488K, used 46683K [0x0000000080000000, 0x0000000100000000)
  region size 1024K, 1 young (1024K), 1 survivors (1024K)
 Metaspace       used 43877K, capacity 45228K, committed 45488K, reserved 1089536K
  class space    used 5631K, capacity 6100K, committed 6144K, reserved 1048576K
}
Event: 10.243 GC heap before
{Heap before GC invocations=28 (full 0):
 garbage-first heap   total 63488K, used 49755K [0x0000000080000000, 0x0000000100000000)
  region size 1024K, 6 young (6144K), 1 survivors (1024K)
 Metaspace       used 44172K, capacity 45484K, committed 45744K, reserved 1089536K
  class space    used 5652K, capacity 6100K, committed 6144K, reserved 1048576K
}
Event: 10.246 GC heap after
{Heap after GC invocations=29 (full 0):
 garbage-first heap   total 76800K, used 47457K [0x0000000080000000, 0x0000000100000000)
  region size 1024K, 1 young (1024K), 1 survivors (1024K)
 Metaspace       used 44172K, capacity 45484K, committed 45744K, reserved 1089536K
  class space    used 5652K, capacity 6100K, committed 6144K, reserved 1048576K
}
Event: 10.608 GC heap before
{Heap before GC invocations=30 (full 0):
 garbage-first heap   total 76800K, used 58721K [0x0000000080000000, 0x0000000100000000)
  region size 1024K, 12 young (12288K), 1 survivors (1024K)
 Metaspace       used 45357K, capacity 46593K, committed 46896K, reserved 1089536K
  class space    used 5700K, capacity 6148K, committed 6272K, reserved 1048576K
}
Event: 10.611 GC heap after
{Heap after GC invocations=31 (full 0):
 garbage-first heap   total 76800K, used 47950K [0x0000000080000000, 0x0000000100000000)
  region size 1024K, 2 young (2048K), 2 survivors (2048K)
 Metaspace       used 45357K, capacity 46593K, committed 46896K, reserved 1089536K
  class space    used 5700K, capacity 6148K, committed 6272K, reserved 1048576K
}
Event: 10.686 GC heap before
{Heap before GC invocations=31 (full 0):
 garbage-first heap   total 76800K, used 59214K [0x0000000080000000, 0x0000000100000000)
  region size 1024K, 13 young (13312K), 2 survivors (2048K)
 Metaspace       used 45602K, capacity 46817K, committed 47152K, reserved 1089536K
  class space    used 5745K, capacity 6180K, committed 6272K, reserved 1048576K
}
Event: 10.689 GC heap after
{Heap after GC invocations=32 (full 0):
 garbage-first heap   total 76800K, used 48642K [0x0000000080000000, 0x0000000100000000)
  region size 1024K, 1 young (1024K), 1 survivors (1024K)
 Metaspace       used 45602K, capacity 46817K, committed 47152K, reserved 1089536K
  class space    used 5745K, capacity 6180K, committed 6272K, reserved 1048576K
}
Event: 10.855 GC heap before
{Heap before GC invocations=33 (full 0):
 garbage-first heap   total 76800K, used 58882K [0x0000000080000000, 0x0000000100000000)
  region size 1024K, 12 young (12288K), 1 survivors (1024K)
 Metaspace       used 46471K, capacity 47761K, committed 48048K, reserved 1091584K
  class space    used 5886K, capacity 6325K, committed 6400K, reserved 1048576K
}
Event: 10.862 GC heap after
{Heap after GC invocations=34 (full 0):
 garbage-first heap   total 76800K, used 49311K [0x0000000080000000, 0x0000000100000000)
  region size 1024K, 2 young (2048K), 2 survivors (2048K)
 Metaspace       used 46471K, capacity 47761K, committed 48048K, reserved 1091584K
  class space    used 5886K, capacity 6325K, committed 6400K, reserved 1048576K
}
Event: 11.063 GC heap before
{Heap before GC invocations=35 (full 0):
 garbage-first heap   total 76800K, used 64671K [0x0000000080000000, 0x0000000100000000)
  region size 1024K, 13 young (13312K), 2 survivors (2048K)
 Metaspace       used 47038K, capacity 48378K, committed 48688K, reserved 1091584K
  class space    used 5970K, capacity 6424K, committed 6528K, reserved 1048576K
}
Event: 11.066 GC heap after
{Heap after GC invocations=36 (full 0):
 garbage-first heap   total 92160K, used 54594K [0x0000000080000000, 0x0000000100000000)
  region size 1024K, 2 young (2048K), 2 survivors (2048K)
 Metaspace       used 47038K, capacity 48378K, committed 48688K, reserved 1091584K
  class space    used 5970K, capacity 6424K, committed 6528K, reserved 1048576K
}
Event: 11.309 GC heap before
{Heap before GC invocations=36 (full 0):
 garbage-first heap   total 92160K, used 70978K [0x0000000080000000, 0x0000000100000000)
  region size 1024K, 18 young (18432K), 2 survivors (2048K)
 Metaspace       used 48025K, capacity 49456K, committed 49584K, reserved 1091584K
  class space    used 6146K, capacity 6636K, committed 6656K, reserved 1048576K
}
Event: 11.313 GC heap after
{Heap after GC invocations=37 (full 0):
 garbage-first heap   total 92160K, used 55162K [0x0000000080000000, 0x0000000100000000)
  region size 1024K, 2 young (2048K), 2 survivors (2048K)
 Metaspace       used 48025K, capacity 49456K, committed 49584K, reserved 1091584K
  class space    used 6146K, capacity 6636K, committed 6656K, reserved 1048576K
}
Event: 11.632 GC heap before
{Heap before GC invocations=38 (full 0):
 garbage-first heap   total 92160K, used 71546K [0x0000000080000000, 0x0000000100000000)
  region size 1024K, 18 young (18432K), 2 survivors (2048K)
 Metaspace       used 49195K, capacity 50611K, committed 50736K, reserved 1093632K
  class space    used 6316K, capacity 6765K, committed 6784K, reserved 1048576K
}
Event: 11.638 GC heap after
{Heap after GC invocations=39 (full 0):
 garbage-first heap   total 92160K, used 55889K [0x0000000080000000, 0x0000000100000000)
  region size 1024K, 2 young (2048K), 2 survivors (2048K)
 Metaspace       used 49195K, capacity 50611K, committed 50736K, reserved 1093632K
  class space    used 6316K, capacity 6765K, committed 6784K, reserved 1048576K
}

